<?xml version="1.0" encoding="UTF-8"?>
<!-- Generated by org.testng.reporters.JUnitXMLReporter -->
<testsuite ignored="0" hostname="LTCZ0075" failures="0" tests="10" name="Surefire test" time="23.089" errors="0" timestamp="2023-04-24T22:44:26 IST">
  <testcase classname="api.test.DDTests" name="testPostUser" time="5.55"/>
  <testcase classname="api.test.DDTests" name="testPostUser" time="1.296"/>
  <testcase classname="api.test.DDTests" name="testPostUser" time="1.288"/>
  <testcase classname="api.test.DDTests" name="testDeleteUserByName" time="1.314"/>
  <testcase classname="api.test.DDTests" name="testDeleteUserByName" time="1.235"/>
  <testcase classname="api.test.DDTests" name="testDeleteUserByName" time="1.344"/>
  <testcase classname="api.test.UserTests" name="testPostUser" time="1.248"/>
  <testcase classname="api.test.UserTests" name="testGetUserByName" time="1.289"/>
  <testcase classname="api.test.UserTests" name="testUpdateUserByName" time="2.495"/>
  <testcase classname="api.test.UserTests" name="testDeleteUserByName" time="2.519"/>
</testsuite> <!-- Surefire test -->
