<?xml version="1.0" encoding="UTF-8"?>
<!-- Generated by org.testng.reporters.JUnitXMLReporter -->
<testsuite ignored="0" hostname="LTCZ0075" failures="0" tests="6" name="Default test" time="10.45" errors="0" timestamp="2023-04-23T18:15:31 IST">
  <testcase classname="api.test.DDTests" name="testPostUser" time="2.959"/>
  <testcase classname="api.test.DDTests" name="testPostUser" time="1.321"/>
  <testcase classname="api.test.DDTests" name="testPostUser" time="1.226"/>
  <testcase classname="api.test.DDTests" name="testDeleteUserByName" time="1.252"/>
  <testcase classname="api.test.DDTests" name="testDeleteUserByName" time="1.257"/>
  <testcase classname="api.test.DDTests" name="testDeleteUserByName" time="1.268"/>
</testsuite> <!-- Default test -->
