<?xml version="1.0" encoding="UTF-8"?>
<!-- Generated by org.testng.reporters.JUnitXMLReporter -->
<testsuite ignored="0" hostname="LTCZ0075" failures="0" tests="4" name="PetTests" time="13.92" errors="0" timestamp="2023-04-25T10:09:44 IST">
  <testcase classname="api.test.UserTests2" name="testPostUser" time="6.571"/>
  <testcase classname="api.test.UserTests2" name="testGetUserByName" time="1.301"/>
  <testcase classname="api.test.UserTests2" name="testUpdateUserByName" time="2.689"/>
  <testcase classname="api.test.UserTests2" name="testDeleteUserByName" time="2.666"/>
</testsuite> <!-- PetTests -->
