<?xml version="1.0" encoding="UTF-8"?>
<!-- Generated by org.testng.reporters.JUnitXMLReporter -->
<testsuite ignored="0" hostname="LTCZ0075" failures="0" tests="4" name="PetTests" time="9.824" errors="0" timestamp="2023-04-23T23:37:42 IST">
  <testcase classname="api.test.UserTests2" name="testPostUser" time="3.344"/>
  <testcase classname="api.test.UserTests2" name="testGetUserByName" time="1.29"/>
  <testcase classname="api.test.UserTests2" name="testUpdateUserByName" time="2.411"/>
  <testcase classname="api.test.UserTests2" name="testDeleteUserByName" time="2.431"/>
</testsuite> <!-- PetTests -->
